{"C:\\Users\\Andy\\Desktop\\sandbox\\pumpUploadServer\\src\\index.ts": {"path":"C:\\Users\\Andy\\Desktop\\sandbox\\pumpUploadServer\\src\\index.ts","statementMap":{"0":{"start":{"line":1,"column":0},"end":{"line":1,"column":67}},"1":{"start":{"line":2,"column":0},"end":{"line":2,"column":24}},"2":{"start":{"line":3,"column":0},"end":{"line":3,"column":28}},"3":{"start":{"line":4,"column":0},"end":{"line":4,"column":28}},"4":{"start":{"line":5,"column":0},"end":{"line":5,"column":29}},"5":{"start":{"line":8,"column":13},"end":{"line":8,"column":29}},"6":{"start":{"line":9,"column":13},"end":{"line":9,"column":17}},"7":{"start":{"line":12,"column":16},"end":{"line":12,"column":29}},"8":{"start":{"line":15,"column":0},"end":{"line":20,"column":2}},"9":{"start":{"line":23,"column":16},"end":{"line":28,"column":2}},"10":{"start":{"line":26,"column":4},"end":{"line":26,"column":32}},"11":{"start":{"line":31,"column":19},"end":{"line":56,"column":1}},"12":{"start":{"line":36,"column":27},"end":{"line":43,"column":4}},"13":{"start":{"line":45,"column":2},"end":{"line":55,"column":3}},"14":{"start":{"line":46,"column":4},"end":{"line":46,"column":19}},"15":{"start":{"line":48,"column":18},"end":{"line":50,"column":null}},"16":{"start":{"line":52,"column":4},"end":{"line":53,"column":82}},"17":{"start":{"line":54,"column":4},"end":{"line":54,"column":35}},"18":{"start":{"line":58,"column":15},"end":{"line":62,"column":2}},"19":{"start":{"line":65,"column":0},"end":{"line":86,"column":2}},"20":{"start":{"line":69,"column":4},"end":{"line":84,"column":5}},"21":{"start":{"line":70,"column":6},"end":{"line":73,"column":7}},"22":{"start":{"line":71,"column":8},"end":{"line":71,"column":60}},"23":{"start":{"line":72,"column":8},"end":{"line":72,"column":15}},"24":{"start":{"line":75,"column":31},"end":{"line":75,"column":39}},"25":{"start":{"line":76,"column":22},"end":{"line":76,"column":72}},"26":{"start":{"line":78,"column":6},"end":{"line":81,"column":9}},"27":{"start":{"line":83,"column":6},"end":{"line":83,"column":18}},"28":{"start":{"line":89,"column":0},"end":{"line":122,"column":3}},"29":{"start":{"line":90,"column":2},"end":{"line":110,"column":3}},"30":{"start":{"line":92,"column":4},"end":{"line":97,"column":5}},"31":{"start":{"line":93,"column":6},"end":{"line":95,"column":77}},"32":{"start":{"line":96,"column":6},"end":{"line":96,"column":13}},"33":{"start":{"line":98,"column":4},"end":{"line":106,"column":5}},"34":{"start":{"line":99,"column":6},"end":{"line":104,"column":11}},"35":{"start":{"line":105,"column":6},"end":{"line":105,"column":13}},"36":{"start":{"line":108,"column":4},"end":{"line":108,"column":68}},"37":{"start":{"line":109,"column":4},"end":{"line":109,"column":11}},"38":{"start":{"line":113,"column":2},"end":{"line":121,"column":3}},"39":{"start":{"line":114,"column":4},"end":{"line":114,"column":49}},"40":{"start":{"line":116,"column":4},"end":{"line":120,"column":9}},"41":{"start":{"line":125,"column":0},"end":{"line":150,"column":2}},"42":{"start":{"line":128,"column":4},"end":{"line":148,"column":5}},"43":{"start":{"line":129,"column":23},"end":{"line":129,"column":42}},"44":{"start":{"line":130,"column":23},"end":{"line":130,"column":61}},"45":{"start":{"line":132,"column":25},"end":{"line":135,"column":27}},"46":{"start":{"line":134,"column":20},"end":{"line":134,"column":24}},"47":{"start":{"line":135,"column":21},"end":{"line":135,"column":26}},"48":{"start":{"line":137,"column":6},"end":{"line":140,"column":7}},"49":{"start":{"line":138,"column":8},"end":{"line":138,"column":58}},"50":{"start":{"line":139,"column":8},"end":{"line":139,"column":15}},"51":{"start":{"line":142,"column":6},"end":{"line":142,"column":32}},"52":{"start":{"line":144,"column":6},"end":{"line":144,"column":57}},"53":{"start":{"line":146,"column":6},"end":{"line":146,"column":37}},"54":{"start":{"line":147,"column":6},"end":{"line":147,"column":63}},"55":{"start":{"line":153,"column":0},"end":{"line":156,"column":2}},"56":{"start":{"line":158,"column":13},"end":{"line":160,"column":3}},"57":{"start":{"line":159,"column":2},"end":{"line":159,"column":63}}},"fnMap":{"0":{"name":"(anonymous_1)","decl":{"start":{"line":25,"column":12},"end":{"line":25,"column":22}},"loc":{"start":{"line":25,"column":66},"end":{"line":27,"column":3}}},"1":{"name":"(anonymous_2)","decl":{"start":{"line":31,"column":19},"end":{"line":31,"column":null}},"loc":{"start":{"line":35,"column":4},"end":{"line":56,"column":1}}},"2":{"name":"(anonymous_3)","decl":{"start":{"line":68,"column":2},"end":{"line":68,"column":7}},"loc":{"start":{"line":68,"column":75},"end":{"line":85,"column":3}}},"3":{"name":"(anonymous_4)","decl":{"start":{"line":89,"column":8},"end":{"line":89,"column":9}},"loc":{"start":{"line":89,"column":76},"end":{"line":122,"column":1}}},"4":{"name":"(anonymous_5)","decl":{"start":{"line":127,"column":2},"end":{"line":127,"column":7}},"loc":{"start":{"line":127,"column":55},"end":{"line":149,"column":3}}},"5":{"name":"(anonymous_6)","decl":{"start":{"line":134,"column":14},"end":{"line":134,"column":17}},"loc":{"start":{"line":134,"column":20},"end":{"line":134,"column":24}}},"6":{"name":"(anonymous_7)","decl":{"start":{"line":135,"column":15},"end":{"line":135,"column":18}},"loc":{"start":{"line":135,"column":21},"end":{"line":135,"column":26}}},"7":{"name":"(anonymous_8)","decl":{"start":{"line":158,"column":39},"end":{"line":158,"column":42}},"loc":{"start":{"line":158,"column":44},"end":{"line":160,"column":1}}}},"branchMap":{"0":{"loc":{"start":{"line":45,"column":2},"end":{"line":55,"column":3}},"type":"if","locations":[{"start":{"line":45,"column":2},"end":{"line":55,"column":3}},{"start":{"line":47,"column":9},"end":{"line":55,"column":3}}]},"1":{"loc":{"start":{"line":70,"column":6},"end":{"line":73,"column":7}},"type":"if","locations":[{"start":{"line":70,"column":6},"end":{"line":73,"column":7}}]},"2":{"loc":{"start":{"line":90,"column":2},"end":{"line":110,"column":3}},"type":"if","locations":[{"start":{"line":90,"column":2},"end":{"line":110,"column":3}}]},"3":{"loc":{"start":{"line":92,"column":4},"end":{"line":97,"column":5}},"type":"if","locations":[{"start":{"line":92,"column":4},"end":{"line":97,"column":5}}]},"4":{"loc":{"start":{"line":98,"column":4},"end":{"line":106,"column":5}},"type":"if","locations":[{"start":{"line":98,"column":4},"end":{"line":106,"column":5}}]},"5":{"loc":{"start":{"line":113,"column":2},"end":{"line":121,"column":3}},"type":"if","locations":[{"start":{"line":113,"column":2},"end":{"line":121,"column":3}},{"start":{"line":115,"column":9},"end":{"line":121,"column":3}}]},"6":{"loc":{"start":{"line":119,"column":41},"end":{"line":119,"column":71}},"type":"binary-expr","locations":[{"start":{"line":119,"column":41},"end":{"line":119,"column":52}},{"start":{"line":119,"column":56},"end":{"line":119,"column":71}}]},"7":{"loc":{"start":{"line":137,"column":6},"end":{"line":140,"column":7}},"type":"if","locations":[{"start":{"line":137,"column":6},"end":{"line":140,"column":7}}]}},"s":{"0":1,"1":1,"2":1,"3":1,"4":1,"5":1,"6":1,"7":1,"8":1,"9":1,"10":4,"11":1,"12":5,"13":5,"14":4,"15":1,"16":1,"17":1,"18":1,"19":1,"20":4,"21":4,"22":1,"23":1,"24":3,"25":3,"26":3,"27":0,"28":1,"29":2,"30":2,"31":1,"32":1,"33":1,"34":1,"35":1,"36":0,"37":0,"38":0,"39":0,"40":0,"41":1,"42":2,"43":2,"44":2,"45":2,"46":1,"47":1,"48":2,"49":1,"50":1,"51":1,"52":1,"53":0,"54":0,"55":1,"56":1,"57":1},"f":{"0":4,"1":5,"2":4,"3":2,"4":2,"5":1,"6":1,"7":1},"b":{"0":[4,1],"1":[1],"2":[2],"3":[1],"4":[1],"5":[0,0],"6":[0,0],"7":[1]}}
}
