TN:
SF:src\index.ts
FN:25,(anonymous_1)
FN:31,(anonymous_2)
FN:68,(anonymous_3)
FN:89,(anonymous_4)
FN:127,(anonymous_5)
FN:134,(anonymous_6)
FN:135,(anonymous_7)
FN:158,(anonymous_8)
FNF:8
FNH:8
FNDA:4,(anonymous_1)
FNDA:5,(anonymous_2)
FNDA:4,(anonymous_3)
FNDA:2,(anonymous_4)
FNDA:2,(anonymous_5)
FNDA:1,(anonymous_6)
FNDA:1,(anonymous_7)
FNDA:1,(anonymous_8)
DA:1,1
DA:2,1
DA:3,1
DA:4,1
DA:5,1
DA:8,1
DA:9,1
DA:12,1
DA:15,1
DA:23,1
DA:26,4
DA:31,1
DA:36,5
DA:45,5
DA:46,4
DA:48,1
DA:52,1
DA:54,1
DA:58,1
DA:65,1
DA:69,4
DA:70,4
DA:71,1
DA:72,1
DA:75,3
DA:76,3
DA:78,3
DA:83,0
DA:89,1
DA:90,2
DA:92,2
DA:93,1
DA:96,1
DA:98,1
DA:99,1
DA:105,1
DA:108,0
DA:109,0
DA:113,0
DA:114,0
DA:116,0
DA:125,1
DA:128,2
DA:129,2
DA:130,2
DA:132,2
DA:134,1
DA:135,1
DA:137,2
DA:138,1
DA:139,1
DA:142,1
DA:144,1
DA:146,0
DA:147,0
DA:153,1
DA:158,1
DA:159,1
LF:58
LH:50
BRDA:45,0,0,4
BRDA:45,0,1,1
BRDA:70,1,0,1
BRDA:90,2,0,2
BRDA:92,3,0,1
BRDA:98,4,0,1
BRDA:113,5,0,0
BRDA:113,5,1,0
BRDA:119,6,0,0
BRDA:119,6,1,0
BRDA:137,7,0,1
BRF:11
BRH:7
end_of_record
